EmuELEC Run Log
##############################################
#                 EmuELEC                    #
#     Retro emulation for Amlogic Devices    #
#             Based on CoreELEC              #
##############################################
EmuELEC (Official - EmuELEC is FREE! NOT FOR SALE!): 4.2 (Amlogic-ng.aarch64)
PLATFORM: setup
ROM NAME: /usr/bin/scripts/setup/system_info.sh
BASE ROM NAME: system_info.sh
USING CONFIG: /storage/.config/retroarch/retroarch.cfg
1st Argument: /usr/bin/scripts/setup/system_info.sh
2nd Argument: -Psetup
3rd Argument: --core=
4th Argument: --emulator=
Full arguments: /usr/bin/scripts/setup/system_info.sh -Psetup --core= --emulator= --controllers=-p1index 0 -p1guid 03000000100800000100000010010000 
Run Command is:
/usr/bin/bash /usr/bin/fbterm.sh /usr/bin/scripts/setup/system_info.sh
Emulator Output is:
[H[J[H[Jexit 0
